<?xml version="1.0" encoding="UTF-8"?>
<testng-results skipped="0" failed="0" total="1" passed="1">
  <reporter-output>
  </reporter-output>
  <suite name="Default suite" duration-ms="60" started-at="2015-11-14T15:50:03Z" finished-at="2015-11-14T15:50:03Z">
    <groups>
    </groups>
    <test name="Default test" duration-ms="60" started-at="2015-11-14T15:50:03Z" finished-at="2015-11-14T15:50:03Z">
      <class name="test.ReadCsvFileTest">
        <test-method status="PASS" signature="setUp()[pri:0, instance:test.ReadCsvFileTest@2fcdbaf7]" name="setUp" is-config="true" duration-ms="10" started-at="2015-11-14T15:50:03Z" finished-at="2015-11-14T15:50:03Z">
          <reporter-output>
          </reporter-output>
        </test-method> <!-- setUp -->
        <test-method status="PASS" signature="testReadBuffered()[pri:0, instance:test.ReadCsvFileTest@2fcdbaf7]" name="testReadBuffered" duration-ms="30" started-at="2015-11-14T15:50:03Z" finished-at="2015-11-14T15:50:03Z">
          <reporter-output>
          </reporter-output>
        </test-method> <!-- testReadBuffered -->
      </class> <!-- test.ReadCsvFileTest -->
    </test> <!-- Default test -->
  </suite> <!-- Default suite -->
</testng-results>
